2021-02-17 11:26:06.939  INFO 4559 --- [restartedMain] c.p.libraryapi.LibraryApiApplication     : Starting LibraryApiApplication using Java 15.0.2 on ubuntu-VirtualBox with PID 4559 (/home/ubuntu/Documents/Personal/library-api/target/classes started by ubuntu in /home/ubuntu/Documents/Personal/library-api)
2021-02-17 11:26:06.941  INFO 4559 --- [restartedMain] c.p.libraryapi.LibraryApiApplication     : No active profile set, falling back to default profiles: default
2021-02-17 11:26:06.977  INFO 4559 --- [restartedMain] .e.DevToolsPropertyDefaultsPostProcessor : Devtools property defaults active! Set 'spring.devtools.add-properties' to 'false' to disable
2021-02-17 11:26:06.978  INFO 4559 --- [restartedMain] .e.DevToolsPropertyDefaultsPostProcessor : For additional web related logging consider setting the 'logging.level.web' property to 'DEBUG'
2021-02-17 11:26:07.592  INFO 4559 --- [restartedMain] .s.d.r.c.RepositoryConfigurationDelegate : Bootstrapping Spring Data JPA repositories in DEFAULT mode.
2021-02-17 11:26:07.622  INFO 4559 --- [restartedMain] .s.d.r.c.RepositoryConfigurationDelegate : Finished Spring Data repository scanning in 25 ms. Found 2 JPA repository interfaces.
2021-02-17 11:26:07.911  INFO 4559 --- [restartedMain] o.s.b.w.embedded.tomcat.TomcatWebServer  : Tomcat initialized with port(s): 8080 (http)
2021-02-17 11:26:07.919  INFO 4559 --- [restartedMain] o.apache.catalina.core.StandardService   : Starting service [Tomcat]
2021-02-17 11:26:07.920  INFO 4559 --- [restartedMain] org.apache.catalina.core.StandardEngine  : Starting Servlet engine: [Apache Tomcat/9.0.41]
2021-02-17 11:26:07.959  INFO 4559 --- [restartedMain] o.a.c.c.C.[Tomcat].[localhost].[/]       : Initializing Spring embedded WebApplicationContext
2021-02-17 11:26:07.959  INFO 4559 --- [restartedMain] w.s.c.ServletWebServerApplicationContext : Root WebApplicationContext: initialization completed in 980 ms
2021-02-17 11:26:08.024  INFO 4559 --- [restartedMain] com.zaxxer.hikari.HikariDataSource       : HikariPool-1 - Starting...
2021-02-17 11:26:08.071  INFO 4559 --- [restartedMain] com.zaxxer.hikari.HikariDataSource       : HikariPool-1 - Start completed.
2021-02-17 11:26:08.074  INFO 4559 --- [restartedMain] o.s.b.a.h2.H2ConsoleAutoConfiguration    : H2 console available at '/h2-console'. Database available at 'jdbc:h2:mem:f9392b14-5cde-4e2c-a32b-dbf6c08ae970'
2021-02-17 11:26:08.152  INFO 4559 --- [restartedMain] o.hibernate.jpa.internal.util.LogHelper  : HHH000204: Processing PersistenceUnitInfo [name: default]
2021-02-17 11:26:08.169  INFO 4559 --- [restartedMain] org.hibernate.Version                    : HHH000412: Hibernate ORM core version 5.4.25.Final
2021-02-17 11:26:08.223  INFO 4559 --- [restartedMain] o.hibernate.annotations.common.Version   : HCANN000001: Hibernate Commons Annotations {5.1.2.Final}
2021-02-17 11:26:08.261  INFO 4559 --- [restartedMain] org.hibernate.dialect.Dialect            : HHH000400: Using dialect: org.hibernate.dialect.H2Dialect
2021-02-17 11:26:08.515  INFO 4559 --- [restartedMain] o.h.e.t.j.p.i.JtaPlatformInitiator       : HHH000490: Using JtaPlatform implementation: [org.hibernate.engine.transaction.jta.platform.internal.NoJtaPlatform]
2021-02-17 11:26:08.518  INFO 4559 --- [restartedMain] j.LocalContainerEntityManagerFactoryBean : Initialized JPA EntityManagerFactory for persistence unit 'default'
2021-02-17 11:26:08.540  INFO 4559 --- [restartedMain] o.s.b.d.a.OptionalLiveReloadServer       : LiveReload server is running on port 35729
2021-02-17 11:26:08.862  WARN 4559 --- [restartedMain] JpaBaseConfiguration$JpaWebConfiguration : spring.jpa.open-in-view is enabled by default. Therefore, database queries may be performed during view rendering. Explicitly configure spring.jpa.open-in-view to disable this warning
2021-02-17 11:26:08.980  INFO 4559 --- [restartedMain] o.s.b.a.e.web.EndpointLinksResolver      : Exposing 14 endpoint(s) beneath base path '/actuator'
2021-02-17 11:26:09.058  INFO 4559 --- [restartedMain] o.s.s.concurrent.ThreadPoolTaskExecutor  : Initializing ExecutorService 'applicationTaskExecutor'
2021-02-17 11:26:09.177  INFO 4559 --- [restartedMain] o.s.s.c.ThreadPoolTaskScheduler          : Initializing ExecutorService 'taskScheduler'
2021-02-17 11:26:09.207  INFO 4559 --- [restartedMain] o.s.b.w.embedded.tomcat.TomcatWebServer  : Tomcat started on port(s): 8080 (http) with context path ''
2021-02-17 11:26:09.208  INFO 4559 --- [restartedMain] d.s.w.p.DocumentationPluginsBootstrapper : Context refreshed
2021-02-17 11:26:09.214  INFO 4559 --- [restartedMain] d.s.w.p.DocumentationPluginsBootstrapper : Found 1 custom documentation plugin(s)
2021-02-17 11:26:09.219  INFO 4559 --- [restartedMain] s.d.s.w.s.ApiListingReferenceScanner     : Scanning for api listing references
2021-02-17 11:26:09.326  INFO 4559 --- [restartedMain] .d.s.w.r.o.CachingOperationNameGenerator : Generating unique operation named: createUsingPOST_1
2021-02-17 11:26:09.330  INFO 4559 --- [restartedMain] .d.s.w.r.o.CachingOperationNameGenerator : Generating unique operation named: findUsingGET_1
2021-02-17 11:26:09.351  INFO 4559 --- [restartedMain] c.p.libraryapi.LibraryApiApplication     : Started LibraryApiApplication in 2.619 seconds (JVM running for 3.021)
2021-02-17 11:26:09.492  INFO 4559 --- [RMI TCP Connection(3)-127.0.0.1] o.a.c.c.C.[Tomcat].[localhost].[/]       : Initializing Spring DispatcherServlet 'dispatcherServlet'
2021-02-17 11:26:09.492  INFO 4559 --- [RMI TCP Connection(3)-127.0.0.1] o.s.web.servlet.DispatcherServlet        : Initializing Servlet 'dispatcherServlet'
2021-02-17 11:26:09.493  INFO 4559 --- [RMI TCP Connection(3)-127.0.0.1] o.s.web.servlet.DispatcherServlet        : Completed initialization in 1 ms
